<?xml version="1.0" encoding="UTF-8"?>
<!-- Generated by org.testng.reporters.JUnitReportReporter -->
<testsuite hostname="DESKTOP-UBH4DUJ" failures="0" tests="2" name="ui.login.LoginTest" time="6.761" errors="0" timestamp="2023-07-16T17:20:44 IST" skipped="0">
  <testcase classname="ui.login.LoginTest" name="verifyLogin" time="3.480"/>
  <system-out/>
  <testcase classname="ui.login.LoginTest" name="verifyInvalidLogin" time="3.281"/>
  <system-out/>
</testsuite> <!-- ui.login.LoginTest -->
